<?xml version="1.0" encoding="UTF-8"?>
<testng-results skipped="0" failed="0" ignored="0" total="1" passed="1">
  <reporter-output>
  </reporter-output>
  <suite name="Default suite" duration-ms="18059" started-at="2021-10-21T08:13:35Z" finished-at="2021-10-21T08:13:53Z">
    <groups>
    </groups>
    <test name="Default test" duration-ms="18059" started-at="2021-10-21T08:13:35Z" finished-at="2021-10-21T08:13:53Z">
      <class name="automationtask.tugas.AppTest">
        <test-method status="PASS" signature="createChromeDriver()[pri:0, instance:automationtask.tugas.AppTest@2b9627bc]" name="createChromeDriver" is-config="true" duration-ms="3347" started-at="2021-10-21T08:13:35Z" finished-at="2021-10-21T08:13:38Z">
          <reporter-output>
          </reporter-output>
        </test-method> <!-- createChromeDriver -->
        <test-method status="PASS" signature="TugasMakeMyTripToAndFrom()[pri:0, instance:automationtask.tugas.AppTest@2b9627bc]" name="TugasMakeMyTripToAndFrom" duration-ms="13847" started-at="2021-10-21T08:13:38Z" finished-at="2021-10-21T08:13:52Z">
          <reporter-output>
          </reporter-output>
        </test-method> <!-- TugasMakeMyTripToAndFrom -->
        <test-method status="PASS" signature="quitChromeDriver()[pri:0, instance:automationtask.tugas.AppTest@2b9627bc]" name="quitChromeDriver" is-config="true" duration-ms="829" started-at="2021-10-21T08:13:52Z" finished-at="2021-10-21T08:13:53Z">
          <reporter-output>
          </reporter-output>
        </test-method> <!-- quitChromeDriver -->
      </class> <!-- automationtask.tugas.AppTest -->
    </test> <!-- Default test -->
  </suite> <!-- Default suite -->
</testng-results>
